<?xml version="1.0" encoding="utf-8"?><testsuites name="pytest tests"><testsuite name="pytest" errors="0" failures="0" skipped="0" tests="15" time="1.458" timestamp="2026-05-28T15:17:08.735639+00:00" hostname="agent-env-50d30ea1-4449-4121-b3db-10fee39a3922"><testcase classname="backend.tests.test_lockin_api.TestHealth" name="test_health_ok" time="0.253" /><testcase classname="backend.tests.test_lockin_api.TestHealth" name="test_root" time="0.053" /><testcase classname="backend.tests.test_lockin_api.TestNewsletter" name="test_create_valid" time="0.063" /><testcase classname="backend.tests.test_lockin_api.TestNewsletter" name="test_duplicate_returns_409" time="0.112" /><testcase classname="backend.tests.test_lockin_api.TestNewsletter" name="test_invalid_email_422" time="0.057" /><testcase classname="backend.tests.test_lockin_api.TestNewsletter" name="test_list_contains_created" time="0.105" /><testcase classname="backend.tests.test_lockin_api.TestOrders" name="test_create_order" time="0.104" /><testcase classname="backend.tests.test_lockin_api.TestOrders" name="test_invalid_email_rejected" time="0.056" /><testcase classname="backend.tests.test_lockin_api.TestOrders" name="test_quantity_too_low" time="0.053" /><testcase classname="backend.tests.test_lockin_api.TestOrders" name="test_quantity_too_high" time="0.050" /><testcase classname="backend.tests.test_lockin_api.TestOrders" name="test_empty_name_rejected" time="0.051" /><testcase classname="backend.tests.test_lockin_api.TestContact" name="test_create_contact" time="0.073" /><testcase classname="backend.tests.test_lockin_api.TestContact" name="test_empty_message_rejected" time="0.055" /><testcase classname="backend.tests.test_lockin_api.TestStats" name="test_stats_shape" time="0.053" /><testcase classname="backend.tests.test_lockin_api.TestStats" name="test_stats_increment_on_subscribe" time="0.148" /></testsuite></testsuites>